C51 COMPILER V6.02  LED_OUTPUTS                                                            10/25/2019 23:11:37 PAGE 1   


C51 COMPILER V6.02, COMPILATION OF MODULE LED_OUTPUTS
OBJECT MODULE PLACED IN .\LED_Outputs.obj
COMPILER INVOKED BY: C:\Keil\C51\BIN\C51.EXE ..\source\LED_Outputs.c DEBUG OBJECTEXTEND PRINT(.\LED_Outputs.lst) OBJECT(
                    -.\LED_Outputs.obj) 

stmt level    source

   1          #include "main.h"
   2          #include "PORT.H"
   3          
   4          
   5          
   6          /*********************************************************************
   7          *    LED Output Functions
   8          ********************************************************************/
   9          
  10          
  11          /***********************************************************************
  12          DESC:  Clears the specified bits on Port 2 to switch on LEDS.
  13          INPUT: 8-bit pattern with '1' bits for the LEDS to be switched on
  14          RETURNS: Nothing
  15          CAUTION: LEDS must be connected to Port 2 and be active low
  16          ************************************************************************/
  17          
  18          void LEDS_ON(uint8_t LED_bits)
  19          {
  20   1        P2&=(~LED_bits);
  21   1      } 
  22          
  23          
  24          
  25          /***********************************************************************
  26          DESC:  Set the specified bits on Port 2 to switch off LEDS
  27          INPUT: 8-bit pattern with '1' bits for the bits to be switched off
  28          RETURNS: Nothing
  29          CAUTION: LEDS must be connected to Port 2 and be active low
  30          ************************************************************************/
  31          
  32          
  33          void LEDS_OFF(uint8_t LED_bits)
  34          {
  35   1        P2|=LED_bits;
  36   1      }
  37          
  38          


MODULE INFORMATION:   STATIC OVERLAYABLE
   CODE SIZE        =      9    ----
   CONSTANT SIZE    =   ----    ----
   XDATA SIZE       =   ----    ----
   PDATA SIZE       =   ----    ----
   DATA SIZE        =   ----    ----
   IDATA SIZE       =   ----    ----
   BIT SIZE         =   ----    ----
END OF MODULE INFORMATION.


C51 COMPILATION COMPLETE.  0 WARNING(S),  0 ERROR(S)
